app/build/intermediates/manifest_merge_blame_file/debug/processDebugMainManifest/manifest-merger-blame-debug-report.txt
1<?xml version="1.0" encoding="utf-8"?>
2<manifest xmlns:android="http://schemas.android.com/apk/res/android"
3    package="com.example.travelin"
4    android:versionCode="1"
5    android:versionName="1.0" >
6
7    <uses-sdk
8        android:minSdkVersion="23"
9        android:targetSdkVersion="35" />
10
11    <uses-permission android:name="android.permission.INTERNET" />
11-->src\main\AndroidManifest.xml:4:5-67
11-->src\main\AndroidManifest.xml:4:22-64
12    <uses-permission android:name="android.permission.ACCESS_NETWORK_STATE" />
12-->[com.google.firebase:firebase-auth:24.0.1] AndroidManifest.xml:26:5-79
12-->[com.google.firebase:firebase-auth:24.0.1] AndroidManifest.xml:26:22-76
13    <uses-permission android:name="com.google.android.providers.gsf.permission.READ_GSERVICES" />
13-->[com.google.android.recaptcha:recaptcha:18.6.1] AndroidManifest.xml:9:5-98
13-->[com.google.android.recaptcha:recaptcha:18.6.1] AndroidManifest.xml:9:22-95
14
15    <queries>
15-->[com.facebook.android:facebook-common:18.2.3] AndroidManifest.xml:15:5-17:15
16        <package android:name="com.facebook.katana" />
16-->[com.facebook.android:facebook-common:18.2.3] AndroidManifest.xml:16:9-55
16-->[com.facebook.android:facebook-common:18.2.3] AndroidManifest.xml:16:18-52
17    </queries>
18
19    <uses-permission android:name="com.google.android.gms.permission.AD_ID" /> <!-- Support for Google Privacy Sandbox adservices API -->
19-->[com.facebook.android:facebook-core:18.2.3] AndroidManifest.xml:14:5-79
19-->[com.facebook.android:facebook-core:18.2.3] AndroidManifest.xml:14:22-76
20    <uses-permission android:name="android.permission.ACCESS_ADSERVICES_ATTRIBUTION" />
20-->[com.facebook.android:facebook-core:18.2.3] AndroidManifest.xml:16:5-88
20-->[com.facebook.android:facebook-core:18.2.3] AndroidManifest.xml:16:22-85
21    <uses-permission android:name="android.permission.ACCESS_ADSERVICES_AD_ID" />
21-->[com.facebook.android:facebook-core:18.2.3] AndroidManifest.xml:17:5-82
21-->[com.facebook.android:facebook-core:18.2.3] AndroidManifest.xml:17:22-79
22    <uses-permission android:name="android.permission.ACCESS_ADSERVICES_CUSTOM_AUDIENCE" />
22-->[com.facebook.android:facebook-core:18.2.3] AndroidManifest.xml:18:5-92
22-->[com.facebook.android:facebook-core:18.2.3] AndroidManifest.xml:18:22-89
23    <uses-permission android:name="android.permission.ACCESS_ADSERVICES_TOPICS" />
23-->[com.facebook.android:facebook-core:18.2.3] AndroidManifest.xml:19:5-83
23-->[com.facebook.android:facebook-core:18.2.3] AndroidManifest.xml:19:22-80
24
25    <permission
25-->[androidx.core:core:1.13.0] AndroidManifest.xml:22:5-24:47
26        android:name="com.example.travelin.DYNAMIC_RECEIVER_NOT_EXPORTED_PERMISSION"
26-->[androidx.core:core:1.13.0] AndroidManifest.xml:23:9-81
27        android:protectionLevel="signature" />
27-->[androidx.core:core:1.13.0] AndroidManifest.xml:24:9-44
28
29    <uses-permission android:name="com.example.travelin.DYNAMIC_RECEIVER_NOT_EXPORTED_PERMISSION" />
29-->[androidx.core:core:1.13.0] AndroidManifest.xml:26:5-97
29-->[androidx.core:core:1.13.0] AndroidManifest.xml:26:22-94
30    <uses-permission android:name="com.google.android.finsky.permission.BIND_GET_INSTALL_REFERRER_SERVICE" />
30-->[com.android.installreferrer:installreferrer:2.2] AndroidManifest.xml:9:5-110
30-->[com.android.installreferrer:installreferrer:2.2] AndroidManifest.xml:9:22-107
31
32    <application
32-->src\main\AndroidManifest.xml:6:5-77:19
33        android:allowBackup="true"
33-->src\main\AndroidManifest.xml:7:9-35
34        android:appComponentFactory="androidx.core.app.CoreComponentFactory"
34-->[androidx.core:core:1.13.0] AndroidManifest.xml:28:18-86
35        android:debuggable="true"
36        android:extractNativeLibs="false"
37        android:icon="@mipmap/ic_launcher"
37-->src\main\AndroidManifest.xml:8:9-43
38        android:label="@string/app_name"
38-->src\main\AndroidManifest.xml:9:9-41
39        android:roundIcon="@mipmap/ic_launcher_round"
39-->src\main\AndroidManifest.xml:10:9-54
40        android:supportsRtl="true"
40-->src\main\AndroidManifest.xml:11:9-35
41        android:testOnly="true"
42        android:theme="@style/Theme.Travelin" >
42-->src\main\AndroidManifest.xml:12:9-46
43        <meta-data
43-->src\main\AndroidManifest.xml:14:9-16:55
44            android:name="com.facebook.sdk.ApplicationId"
44-->src\main\AndroidManifest.xml:15:13-58
45            android:value="@string/facebook_app_id" />
45-->src\main\AndroidManifest.xml:16:13-52
46        <meta-data
46-->src\main\AndroidManifest.xml:17:9-19:61
47            android:name="com.facebook.sdk.ClientToken"
47-->src\main\AndroidManifest.xml:18:13-56
48            android:value="@string/facebook_client_token" />
48-->src\main\AndroidManifest.xml:19:13-58
49
50        <activity
50-->src\main\AndroidManifest.xml:21:9-24:40
51            android:name="com.facebook.FacebookActivity"
51-->src\main\AndroidManifest.xml:22:13-57
52            android:configChanges="keyboard|keyboardHidden|screenLayout|screenSize|orientation"
52-->src\main\AndroidManifest.xml:23:13-96
53            android:exported="false"
53-->src\main\AndroidManifest.xml:24:13-37
54            android:theme="@style/com_facebook_activity_theme" />
54-->[com.facebook.android:facebook-common:18.2.3] AndroidManifest.xml:23:13-63
55        <activity
55-->src\main\AndroidManifest.xml:26:9-35:20
56            android:name="com.facebook.CustomTabActivity"
56-->src\main\AndroidManifest.xml:27:13-58
57            android:exported="true" >
57-->src\main\AndroidManifest.xml:28:13-36
58            <intent-filter>
58-->src\main\AndroidManifest.xml:29:13-34:29
59                <action android:name="android.intent.action.VIEW" />
59-->src\main\AndroidManifest.xml:30:17-69
59-->src\main\AndroidManifest.xml:30:25-66
60
61                <category android:name="android.intent.category.DEFAULT" />
61-->src\main\AndroidManifest.xml:31:17-76
61-->src\main\AndroidManifest.xml:31:27-73
62                <category android:name="android.intent.category.BROWSABLE" />
62-->src\main\AndroidManifest.xml:32:17-78
62-->src\main\AndroidManifest.xml:32:27-75
63
64                <data android:scheme="@string/fb_login_protocol_scheme" />
64-->src\main\AndroidManifest.xml:33:17-75
64-->src\main\AndroidManifest.xml:33:23-72
65            </intent-filter>
66            <intent-filter>
66-->[com.facebook.android:facebook-common:18.2.3] AndroidManifest.xml:29:13-38:29
67                <action android:name="android.intent.action.VIEW" />
67-->src\main\AndroidManifest.xml:30:17-69
67-->src\main\AndroidManifest.xml:30:25-66
68
69                <category android:name="android.intent.category.DEFAULT" />
69-->src\main\AndroidManifest.xml:31:17-76
69-->src\main\AndroidManifest.xml:31:27-73
70                <category android:name="android.intent.category.BROWSABLE" />
70-->src\main\AndroidManifest.xml:32:17-78
70-->src\main\AndroidManifest.xml:32:27-75
71
72                <data
72-->src\main\AndroidManifest.xml:33:17-75
73                    android:host="cct.com.example.travelin"
74                    android:scheme="fbconnect" />
74-->src\main\AndroidManifest.xml:33:23-72
75            </intent-filter>
76        </activity>
77        <activity
77-->src\main\AndroidManifest.xml:37:9-40:52
78            android:name="com.example.travelin.HomeActivity"
78-->src\main\AndroidManifest.xml:38:13-41
79            android:exported="false"
79-->src\main\AndroidManifest.xml:39:13-37
80            android:screenOrientation="portrait" />
80-->src\main\AndroidManifest.xml:40:13-49
81        <activity
81-->src\main\AndroidManifest.xml:42:9-45:52
82            android:name="com.example.travelin.TripDetailActivity"
82-->src\main\AndroidManifest.xml:43:13-47
83            android:exported="false"
83-->src\main\AndroidManifest.xml:44:13-37
84            android:screenOrientation="portrait" />
84-->src\main\AndroidManifest.xml:45:13-49
85        <activity
85-->src\main\AndroidManifest.xml:47:9-50:52
86            android:name="com.example.travelin.AddStepActivity"
86-->src\main\AndroidManifest.xml:48:13-44
87            android:exported="false"
87-->src\main\AndroidManifest.xml:49:13-37
88            android:screenOrientation="portrait" />
88-->src\main\AndroidManifest.xml:50:13-49
89        <activity
89-->src\main\AndroidManifest.xml:52:9-55:52
90            android:name="com.example.travelin.SignUpActivity"
90-->src\main\AndroidManifest.xml:53:13-43
91            android:exported="false"
91-->src\main\AndroidManifest.xml:54:13-37
92            android:screenOrientation="portrait" />
92-->src\main\AndroidManifest.xml:55:13-49
93        <activity
93-->src\main\AndroidManifest.xml:57:9-60:52
94            android:name="com.example.travelin.SignInActivity"
94-->src\main\AndroidManifest.xml:58:13-43
95            android:exported="false"
95-->src\main\AndroidManifest.xml:59:13-37
96            android:screenOrientation="portrait" />
96-->src\main\AndroidManifest.xml:60:13-49
97        <activity
97-->src\main\AndroidManifest.xml:62:9-65:52
98            android:name="com.example.travelin.GetStartedActivity"
98-->src\main\AndroidManifest.xml:63:13-47
99            android:exported="false"
99-->src\main\AndroidManifest.xml:64:13-37
100            android:screenOrientation="portrait" />
100-->src\main\AndroidManifest.xml:65:13-49
101        <activity
101-->src\main\AndroidManifest.xml:67:9-75:20
102            android:name="com.example.travelin.SplashActivity"
102-->src\main\AndroidManifest.xml:68:13-43
103            android:exported="true"
103-->src\main\AndroidManifest.xml:69:13-36
104            android:screenOrientation="portrait" >
104-->src\main\AndroidManifest.xml:70:13-49
105            <intent-filter>
105-->src\main\AndroidManifest.xml:71:13-74:29
106                <action android:name="android.intent.action.MAIN" />
106-->src\main\AndroidManifest.xml:72:17-69
106-->src\main\AndroidManifest.xml:72:25-66
107
108                <category android:name="android.intent.category.LAUNCHER" />
108-->src\main\AndroidManifest.xml:73:17-77
108-->src\main\AndroidManifest.xml:73:27-74
109            </intent-filter>
110        </activity>
111        <activity
111-->[com.google.firebase:firebase-auth:24.0.1] AndroidManifest.xml:29:9-46:20
112            android:name="com.google.firebase.auth.internal.GenericIdpActivity"
112-->[com.google.firebase:firebase-auth:24.0.1] AndroidManifest.xml:30:13-80
113            android:excludeFromRecents="true"
113-->[com.google.firebase:firebase-auth:24.0.1] AndroidManifest.xml:31:13-46
114            android:exported="true"
114-->[com.google.firebase:firebase-auth:24.0.1] AndroidManifest.xml:32:13-36
115            android:launchMode="singleTask"
115-->[com.google.firebase:firebase-auth:24.0.1] AndroidManifest.xml:33:13-44
116            android:theme="@android:style/Theme.Translucent.NoTitleBar" >
116-->[com.google.firebase:firebase-auth:24.0.1] AndroidManifest.xml:34:13-72
117            <intent-filter>
117-->[com.google.firebase:firebase-auth:24.0.1] AndroidManifest.xml:35:13-45:29
118                <action android:name="android.intent.action.VIEW" />
118-->src\main\AndroidManifest.xml:30:17-69
118-->src\main\AndroidManifest.xml:30:25-66
119
120                <category android:name="android.intent.category.DEFAULT" />
120-->src\main\AndroidManifest.xml:31:17-76
120-->src\main\AndroidManifest.xml:31:27-73
121                <category android:name="android.intent.category.BROWSABLE" />
121-->src\main\AndroidManifest.xml:32:17-78
121-->src\main\AndroidManifest.xml:32:27-75
122
123                <data
123-->src\main\AndroidManifest.xml:33:17-75
124                    android:host="firebase.auth"
125                    android:path="/"
126                    android:scheme="genericidp" />
126-->src\main\AndroidManifest.xml:33:23-72
127            </intent-filter>
128        </activity>
129        <activity
129-->[com.google.firebase:firebase-auth:24.0.1] AndroidManifest.xml:47:9-64:20
130            android:name="com.google.firebase.auth.internal.RecaptchaActivity"
130-->[com.google.firebase:firebase-auth:24.0.1] AndroidManifest.xml:48:13-79
131            android:excludeFromRecents="true"
131-->[com.google.firebase:firebase-auth:24.0.1] AndroidManifest.xml:49:13-46
132            android:exported="true"
132-->[com.google.firebase:firebase-auth:24.0.1] AndroidManifest.xml:50:13-36
133            android:launchMode="singleTask"
133-->[com.google.firebase:firebase-auth:24.0.1] AndroidManifest.xml:51:13-44
134            android:theme="@android:style/Theme.Translucent.NoTitleBar" >
134-->[com.google.firebase:firebase-auth:24.0.1] AndroidManifest.xml:52:13-72
135            <intent-filter>
135-->[com.google.firebase:firebase-auth:24.0.1] AndroidManifest.xml:53:13-63:29
136                <action android:name="android.intent.action.VIEW" />
136-->src\main\AndroidManifest.xml:30:17-69
136-->src\main\AndroidManifest.xml:30:25-66
137
138                <category android:name="android.intent.category.DEFAULT" />
138-->src\main\AndroidManifest.xml:31:17-76
138-->src\main\AndroidManifest.xml:31:27-73
139                <category android:name="android.intent.category.BROWSABLE" />
139-->src\main\AndroidManifest.xml:32:17-78
139-->src\main\AndroidManifest.xml:32:27-75
140
141                <data
141-->src\main\AndroidManifest.xml:33:17-75
142                    android:host="firebase.auth"
143                    android:path="/"
144                    android:scheme="recaptcha" />
144-->src\main\AndroidManifest.xml:33:23-72
145            </intent-filter>
146        </activity>
147
148        <service
148-->[com.google.firebase:firebase-auth:24.0.1] AndroidManifest.xml:66:9-72:19
149            android:name="com.google.firebase.components.ComponentDiscoveryService"
149-->[com.google.firebase:firebase-auth:24.0.1] AndroidManifest.xml:67:13-84
150            android:directBootAware="true"
150-->[com.google.firebase:firebase-common:22.0.1] AndroidManifest.xml:32:13-43
151            android:exported="false" >
151-->[com.google.firebase:firebase-auth:24.0.1] AndroidManifest.xml:68:13-37
152            <meta-data
152-->[com.google.firebase:firebase-auth:24.0.1] AndroidManifest.xml:69:13-71:85
153                android:name="com.google.firebase.components:com.google.firebase.auth.FirebaseAuthRegistrar"
153-->[com.google.firebase:firebase-auth:24.0.1] AndroidManifest.xml:70:17-109
154                android:value="com.google.firebase.components.ComponentRegistrar" />
154-->[com.google.firebase:firebase-auth:24.0.1] AndroidManifest.xml:71:17-82
155            <meta-data
155-->[com.google.firebase:firebase-common:22.0.1] AndroidManifest.xml:35:13-37:85
156                android:name="com.google.firebase.components:com.google.firebase.FirebaseCommonKtxRegistrar"
156-->[com.google.firebase:firebase-common:22.0.1] AndroidManifest.xml:36:17-109
157                android:value="com.google.firebase.components.ComponentRegistrar" />
157-->[com.google.firebase:firebase-common:22.0.1] AndroidManifest.xml:37:17-82
158        </service>
159        <service
159-->[androidx.credentials:credentials-play-services-auth:1.2.0-rc01] AndroidManifest.xml:24:9-32:19
160            android:name="androidx.credentials.playservices.CredentialProviderMetadataHolder"
160-->[androidx.credentials:credentials-play-services-auth:1.2.0-rc01] AndroidManifest.xml:25:13-94
161            android:enabled="true"
161-->[androidx.credentials:credentials-play-services-auth:1.2.0-rc01] AndroidManifest.xml:26:13-35
162            android:exported="false" >
162-->[androidx.credentials:credentials-play-services-auth:1.2.0-rc01] AndroidManifest.xml:27:13-37
163            <meta-data
163-->[androidx.credentials:credentials-play-services-auth:1.2.0-rc01] AndroidManifest.xml:29:13-31:104
164                android:name="androidx.credentials.CREDENTIAL_PROVIDER_KEY"
164-->[androidx.credentials:credentials-play-services-auth:1.2.0-rc01] AndroidManifest.xml:30:17-76
165                android:value="androidx.credentials.playservices.CredentialProviderPlayServicesImpl" />
165-->[androidx.credentials:credentials-play-services-auth:1.2.0-rc01] AndroidManifest.xml:31:17-101
166        </service>
167
168        <activity
168-->[androidx.credentials:credentials-play-services-auth:1.2.0-rc01] AndroidManifest.xml:34:9-41:20
169            android:name="androidx.credentials.playservices.HiddenActivity"
169-->[androidx.credentials:credentials-play-services-auth:1.2.0-rc01] AndroidManifest.xml:35:13-76
170            android:configChanges="orientation|screenSize|screenLayout|keyboardHidden"
170-->[androidx.credentials:credentials-play-services-auth:1.2.0-rc01] AndroidManifest.xml:36:13-87
171            android:enabled="true"
171-->[androidx.credentials:credentials-play-services-auth:1.2.0-rc01] AndroidManifest.xml:37:13-35
172            android:exported="false"
172-->[androidx.credentials:credentials-play-services-auth:1.2.0-rc01] AndroidManifest.xml:38:13-37
173            android:fitsSystemWindows="true"
173-->[androidx.credentials:credentials-play-services-auth:1.2.0-rc01] AndroidManifest.xml:39:13-45
174            android:theme="@style/Theme.Hidden" >
174-->[androidx.credentials:credentials-play-services-auth:1.2.0-rc01] AndroidManifest.xml:40:13-48
175        </activity>
176        <activity
176-->[com.google.android.gms:play-services-auth:21.6.0] AndroidManifest.xml:23:9-27:75
177            android:name="com.google.android.gms.auth.api.signin.internal.SignInHubActivity"
177-->[com.google.android.gms:play-services-auth:21.6.0] AndroidManifest.xml:24:13-93
178            android:excludeFromRecents="true"
178-->[com.google.android.gms:play-services-auth:21.6.0] AndroidManifest.xml:25:13-46
179            android:exported="false"
179-->[com.google.android.gms:play-services-auth:21.6.0] AndroidManifest.xml:26:13-37
180            android:theme="@android:style/Theme.Translucent.NoTitleBar" />
180-->[com.google.android.gms:play-services-auth:21.6.0] AndroidManifest.xml:27:13-72
181        <!--
182            Service handling Google Sign-In user revocation. For apps that do not integrate with
183            Google Sign-In, this service will never be started.
184        -->
185        <service
185-->[com.google.android.gms:play-services-auth:21.6.0] AndroidManifest.xml:33:9-37:51
186            android:name="com.google.android.gms.auth.api.signin.RevocationBoundService"
186-->[com.google.android.gms:play-services-auth:21.6.0] AndroidManifest.xml:34:13-89
187            android:exported="true"
187-->[com.google.android.gms:play-services-auth:21.6.0] AndroidManifest.xml:35:13-36
188            android:permission="com.google.android.gms.auth.api.signin.permission.REVOCATION_NOTIFICATION"
188-->[com.google.android.gms:play-services-auth:21.6.0] AndroidManifest.xml:36:13-107
189            android:visibleToInstantApps="true" />
189-->[com.google.android.gms:play-services-auth:21.6.0] AndroidManifest.xml:37:13-48
190
191        <provider
191-->[com.google.firebase:firebase-common:22.0.1] AndroidManifest.xml:23:9-28:39
192            android:name="com.google.firebase.provider.FirebaseInitProvider"
192-->[com.google.firebase:firebase-common:22.0.1] AndroidManifest.xml:24:13-77
193            android:authorities="com.example.travelin.firebaseinitprovider"
193-->[com.google.firebase:firebase-common:22.0.1] AndroidManifest.xml:25:13-72
194            android:directBootAware="true"
194-->[com.google.firebase:firebase-common:22.0.1] AndroidManifest.xml:26:13-43
195            android:exported="false"
195-->[com.google.firebase:firebase-common:22.0.1] AndroidManifest.xml:27:13-37
196            android:initOrder="100" />
196-->[com.google.firebase:firebase-common:22.0.1] AndroidManifest.xml:28:13-36
197
198        <activity
198-->[com.google.android.gms:play-services-base:18.5.0] AndroidManifest.xml:5:9-173
199            android:name="com.google.android.gms.common.api.GoogleApiActivity"
199-->[com.google.android.gms:play-services-base:18.5.0] AndroidManifest.xml:5:19-85
200            android:exported="false"
200-->[com.google.android.gms:play-services-base:18.5.0] AndroidManifest.xml:5:146-170
201            android:theme="@android:style/Theme.Translucent.NoTitleBar" />
201-->[com.google.android.gms:play-services-base:18.5.0] AndroidManifest.xml:5:86-145
202        <activity android:name="com.facebook.CustomTabMainActivity" />
202-->[com.facebook.android:facebook-common:18.2.3] AndroidManifest.xml:24:9-71
202-->[com.facebook.android:facebook-common:18.2.3] AndroidManifest.xml:24:19-68
203        <!--
204         The initialization ContentProvider will call FacebookSdk.sdkInitialize automatically
205         with the application context. This config is merged in with the host app's manifest,
206         but there can only be one provider with the same authority activated at any given
207         point; so if the end user has two or more different apps that use Facebook SDK, only the
208         first one will be able to use the provider. To work around this problem, we use the
209         following placeholder in the authority to identify each host application as if it was
210         a completely different provider.
211        -->
212        <provider
212-->[com.facebook.android:facebook-core:18.2.3] AndroidManifest.xml:32:9-35:40
213            android:name="com.facebook.internal.FacebookInitProvider"
213-->[com.facebook.android:facebook-core:18.2.3] AndroidManifest.xml:33:13-70
214            android:authorities="com.example.travelin.FacebookInitProvider"
214-->[com.facebook.android:facebook-core:18.2.3] AndroidManifest.xml:34:13-72
215            android:exported="false" />
215-->[com.facebook.android:facebook-core:18.2.3] AndroidManifest.xml:35:13-37
216
217        <receiver
217-->[com.facebook.android:facebook-core:18.2.3] AndroidManifest.xml:37:9-43:20
218            android:name="com.facebook.CurrentAccessTokenExpirationBroadcastReceiver"
218-->[com.facebook.android:facebook-core:18.2.3] AndroidManifest.xml:38:13-86
219            android:exported="false" >
219-->[com.facebook.android:facebook-core:18.2.3] AndroidManifest.xml:39:13-37
220            <intent-filter>
220-->[com.facebook.android:facebook-core:18.2.3] AndroidManifest.xml:40:13-42:29
221                <action android:name="com.facebook.sdk.ACTION_CURRENT_ACCESS_TOKEN_CHANGED" />
221-->[com.facebook.android:facebook-core:18.2.3] AndroidManifest.xml:41:17-95
221-->[com.facebook.android:facebook-core:18.2.3] AndroidManifest.xml:41:25-92
222            </intent-filter>
223        </receiver>
224        <receiver
224-->[com.facebook.android:facebook-core:18.2.3] AndroidManifest.xml:44:9-50:20
225            android:name="com.facebook.AuthenticationTokenManager$CurrentAuthenticationTokenChangedBroadcastReceiver"
225-->[com.facebook.android:facebook-core:18.2.3] AndroidManifest.xml:45:13-118
226            android:exported="false" >
226-->[com.facebook.android:facebook-core:18.2.3] AndroidManifest.xml:46:13-37
227            <intent-filter>
227-->[com.facebook.android:facebook-core:18.2.3] AndroidManifest.xml:47:13-49:29
228                <action android:name="com.facebook.sdk.ACTION_CURRENT_AUTHENTICATION_TOKEN_CHANGED" />
228-->[com.facebook.android:facebook-core:18.2.3] AndroidManifest.xml:48:17-103
228-->[com.facebook.android:facebook-core:18.2.3] AndroidManifest.xml:48:25-100
229            </intent-filter>
230        </receiver>
231
232        <provider
232-->[androidx.emoji2:emoji2:1.3.0] AndroidManifest.xml:24:9-32:20
233            android:name="androidx.startup.InitializationProvider"
233-->[androidx.emoji2:emoji2:1.3.0] AndroidManifest.xml:25:13-67
234            android:authorities="com.example.travelin.androidx-startup"
234-->[androidx.emoji2:emoji2:1.3.0] AndroidManifest.xml:26:13-68
235            android:exported="false" >
235-->[androidx.emoji2:emoji2:1.3.0] AndroidManifest.xml:27:13-37
236            <meta-data
236-->[androidx.emoji2:emoji2:1.3.0] AndroidManifest.xml:29:13-31:52
237                android:name="androidx.emoji2.text.EmojiCompatInitializer"
237-->[androidx.emoji2:emoji2:1.3.0] AndroidManifest.xml:30:17-75
238                android:value="androidx.startup" />
238-->[androidx.emoji2:emoji2:1.3.0] AndroidManifest.xml:31:17-49
239            <meta-data
239-->[androidx.lifecycle:lifecycle-process:2.6.2] AndroidManifest.xml:29:13-31:52
240                android:name="androidx.lifecycle.ProcessLifecycleInitializer"
240-->[androidx.lifecycle:lifecycle-process:2.6.2] AndroidManifest.xml:30:17-78
241                android:value="androidx.startup" />
241-->[androidx.lifecycle:lifecycle-process:2.6.2] AndroidManifest.xml:31:17-49
242            <meta-data
242-->[androidx.profileinstaller:profileinstaller:1.3.1] AndroidManifest.xml:29:13-31:52
243                android:name="androidx.profileinstaller.ProfileInstallerInitializer"
243-->[androidx.profileinstaller:profileinstaller:1.3.1] AndroidManifest.xml:30:17-85
244                android:value="androidx.startup" />
244-->[androidx.profileinstaller:profileinstaller:1.3.1] AndroidManifest.xml:31:17-49
245        </provider>
246
247        <meta-data
247-->[com.google.android.gms:play-services-basement:18.9.0] AndroidManifest.xml:21:9-23:69
248            android:name="com.google.android.gms.version"
248-->[com.google.android.gms:play-services-basement:18.9.0] AndroidManifest.xml:22:13-58
249            android:value="@integer/google_play_services_version" />
249-->[com.google.android.gms:play-services-basement:18.9.0] AndroidManifest.xml:23:13-66
250
251        <receiver
251-->[androidx.profileinstaller:profileinstaller:1.3.1] AndroidManifest.xml:34:9-52:20
252            android:name="androidx.profileinstaller.ProfileInstallReceiver"
252-->[androidx.profileinstaller:profileinstaller:1.3.1] AndroidManifest.xml:35:13-76
253            android:directBootAware="false"
253-->[androidx.profileinstaller:profileinstaller:1.3.1] AndroidManifest.xml:36:13-44
254            android:enabled="true"
254-->[androidx.profileinstaller:profileinstaller:1.3.1] AndroidManifest.xml:37:13-35
255            android:exported="true"
255-->[androidx.profileinstaller:profileinstaller:1.3.1] AndroidManifest.xml:38:13-36
256            android:permission="android.permission.DUMP" >
256-->[androidx.profileinstaller:profileinstaller:1.3.1] AndroidManifest.xml:39:13-57
257            <intent-filter>
257-->[androidx.profileinstaller:profileinstaller:1.3.1] AndroidManifest.xml:40:13-42:29
258                <action android:name="androidx.profileinstaller.action.INSTALL_PROFILE" />
258-->[androidx.profileinstaller:profileinstaller:1.3.1] AndroidManifest.xml:41:17-91
258-->[androidx.profileinstaller:profileinstaller:1.3.1] AndroidManifest.xml:41:25-88
259            </intent-filter>
260            <intent-filter>
260-->[androidx.profileinstaller:profileinstaller:1.3.1] AndroidManifest.xml:43:13-45:29
261                <action android:name="androidx.profileinstaller.action.SKIP_FILE" />
261-->[androidx.profileinstaller:profileinstaller:1.3.1] AndroidManifest.xml:44:17-85
261-->[androidx.profileinstaller:profileinstaller:1.3.1] AndroidManifest.xml:44:25-82
262            </intent-filter>
263            <intent-filter>
263-->[androidx.profileinstaller:profileinstaller:1.3.1] AndroidManifest.xml:46:13-48:29
264                <action android:name="androidx.profileinstaller.action.SAVE_PROFILE" />
264-->[androidx.profileinstaller:profileinstaller:1.3.1] AndroidManifest.xml:47:17-88
264-->[androidx.profileinstaller:profileinstaller:1.3.1] AndroidManifest.xml:47:25-85
265            </intent-filter>
266            <intent-filter>
266-->[androidx.profileinstaller:profileinstaller:1.3.1] AndroidManifest.xml:49:13-51:29
267                <action android:name="androidx.profileinstaller.action.BENCHMARK_OPERATION" />
267-->[androidx.profileinstaller:profileinstaller:1.3.1] AndroidManifest.xml:50:17-95
267-->[androidx.profileinstaller:profileinstaller:1.3.1] AndroidManifest.xml:50:25-92
268            </intent-filter>
269        </receiver> <!-- The activities will be merged into the manifest of the hosting app. -->
270        <activity
270-->[com.google.android.play:core-common:2.0.3] AndroidManifest.xml:14:9-18:65
271            android:name="com.google.android.play.core.common.PlayCoreDialogWrapperActivity"
271-->[com.google.android.play:core-common:2.0.3] AndroidManifest.xml:15:13-93
272            android:exported="false"
272-->[com.google.android.play:core-common:2.0.3] AndroidManifest.xml:16:13-37
273            android:stateNotNeeded="true"
273-->[com.google.android.play:core-common:2.0.3] AndroidManifest.xml:17:13-42
274            android:theme="@style/Theme.PlayCore.Transparent" />
274-->[com.google.android.play:core-common:2.0.3] AndroidManifest.xml:18:13-62
275    </application>
276
277</manifest>